<?xml version="1.0" encoding="utf-8" standalone="no"?>
<!--This file represents the results of running a test suite-->
<test-results name="F:\Temp\Document\Visual Studio 2013\Projects\SADGIS\MapTest\bin\Debug\nunit.framework.dll" total="0" errors="0" failures="0" not-run="0" inconclusive="0" ignored="0" skipped="0" invalid="0" date="2015-05-22" time="10:49:01">
  <environment nunit-version="2.6.3.13283" clr-version="2.0.50727.5485" os-version="Microsoft Windows NT 6.1.7601 Service Pack 1" platform="Win32NT" cwd="F:\Temp\Document\Visual Studio 2013\Projects\SADGIS\MapTest\bin\Debug" machine-name="PC201501272032" user="Administrator" user-domain="PC201501272032" />
  <culture-info current-culture="zh-CN" current-uiculture="zh-CN" />
  <test-suite type="Assembly" name="F:\Temp\Document\Visual Studio 2013\Projects\SADGIS\MapTest\bin\Debug\nunit.framework.dll" executed="True" result="Inconclusive" success="False" time="0.000" asserts="0" />
</test-results>